<?xml version="1.0" encoding="UTF-8"?>
<!-- Generated by org.testng.reporters.JUnitXMLReporter -->
<testsuite ignored="0" hostname="EH-Host" failures="2" tests="8" name="Functional Test" time="10.972" errors="0" timestamp="2021-11-29T22:47:57 COT">
  <testcase classname="TestNG.CourseT.GroupDemoTest" name="test3" time="0.006"/>
  <testcase classname="TestNG.CourseT.GroupDemoTest" name="test4" time="0.002"/>
  <testcase classname="TestNG.CourseT.GroupDemoTest" name="test1" time="0.003"/>
  <testcase classname="TestNG.CourseT.GroupDemoTest" name="test2" time="0.002"/>
  <testcase classname="TestNG.CourseT.VerifyTitle" name="titleTest" time="5.553">
    <failure type="java.lang.AssertionError" message="expected [Artículos electrónicos, autos, ropa, objetos de colección, cupones y más | eBaya] but found [Artículos electrónicos, autos, ropa, objetos de colección, cupones y más | eBay]">
      <![CDATA[java.lang.AssertionError: expected [Artículos electrónicos, autos, ropa, objetos de colección, cupones y más | eBaya] but found [Artículos electrónicos, autos, ropa, objetos de colección, cupones y más | eBay]
at TestNG.CourseT.VerifyTitle.titleTest(VerifyTitle.java:24)
at java.base/java.util.ArrayList.forEach(ArrayList.java:1511)
... Removed 34 stack frames]]>
    </failure>
  </testcase> <!-- titleTest -->
  <testcase classname="TestNG.CourseT.Login" name="loginTest" time="0.002"/>
  <testcase classname="TestNG.CourseT.Login" name="logOutTest" time="0.004"/>
  <testcase classname="TestNG.CourseT.VerifyTitleAndText" name="titleTest" time="5.325">
    <failure type="java.lang.AssertionError" message="The following asserts failed:
	Text validation failed expected [Buscar1] but found [Buscar]">
      <![CDATA[java.lang.AssertionError: The following asserts failed:
Text validation failed expected [Buscar1] but found [Buscar]
at TestNG.CourseT.VerifyTitleAndText.titleTest(VerifyTitleAndText.java:35)
at java.base/java.util.ArrayList.forEach(ArrayList.java:1511)
... Removed 30 stack frames]]>
    </failure>
  </testcase> <!-- titleTest -->
</testsuite> <!-- Functional Test -->
